[0302/182757.092:INFO:installer_main.cc(301)] Opera installer starting - version 44.0.2510.401 beta
[0302/182757.092:INFO:installer_main.cc(304)] Command line: "C:\Windows\TEMP\opera autoupdate\CProgram Files (x86)Opera beta\installing\installer.exe" --backend --silent --initial-pid=4588 --install --autoupdate --import-browser-data=1 --enable-stats=1 --enable-installer-stats=1 --launchopera=0 --installfolder="C:\Program Files (x86)\Opera beta" --profile-folder --language=es --setdefaultbrowser=0 --startmenushortcut=1 --desktopshortcut=0 --quicklaunchshortcut=0 --pintotaskbar=0 --server-tracking-data=server_tracking_data --crash-reporter-pid=4764
[0302/182757.092:INFO:installer_main.cc(346)] Install folder from command line: C:\Program Files (x86)\Opera beta
[0302/182757.092:INFO:installer_main.cc(366)] Uninstall:0
[0302/182757.093:INFO:installer_main.cc(367)] Replace Presto installation:0
[0302/182757.093:INFO:installer_main.cc(368)] Silent:1
[0302/182757.093:INFO:installer_main.cc(369)] Run Immediately0
[0302/182757.093:INFO:installer_main.cc(370)] Backend1
[0302/182757.093:INFO:installer_main.cc(371)] Inside package1
[0302/182757.093:INFO:installer_main.cc(372)] Autoupdate:1
[0302/182757.093:INFO:settings.cc(525)] Found 5 paths for standalone install mode.
[0302/182757.093:INFO:rc_l10n_handler.cc(131)] Language not in the available languages list: 
[0302/182757.093:INFO:rc_l10n_handler.cc(137)] Trying language from system preferred list: es-ES
[0302/182757.093:INFO:rc_l10n_handler.cc(180)] Retrying after adjustments: es
[0302/182757.101:ERROR:utils.cc(439)] Couldn't find path to taskbar pins.
[0302/182757.101:ERROR:utils.cc(439)] Couldn't find path to taskbar pins.
[0302/182757.102:INFO:settings.cc(972)] Install folder set: C:\Program Files (x86)\Opera beta
[0302/182757.102:INFO:settings.cc(1003)] Operation: 2
[0302/182757.102:INFO:installer.cc(217)] Beginning installation
[0302/182757.102:INFO:installer.cc(461)] Write privileges for install folder: 1
[0302/182757.103:INFO:installer.cc(576)] Read root files list
[0302/182757.144:INFO:installer.cc(1625)] Removing installed files.
[0302/182758.176:INFO:installer.cc(1615)] Removing old files from installation root
[0302/182758.192:INFO:installer.cc(776)] Installing the launcher
[0302/182758.224:WARNING:installer.cc(820)] Tracking data path specified on command line invalid
[0302/182758.225:INFO:installer.cc(944)] Cleaning up registry
[0302/182758.326:INFO:installer.cc(850)] Setting up the registry
[0302/182758.337:INFO:installer.cc(1069)] Updating shortcuts
[0302/182800.961:INFO:installer.cc(1279)] Writing installer prefs toC:\Program Files (x86)\Opera beta\installer_prefs.json
[0302/182800.961:INFO:installer.cc(1371)] Preserving previous installer status.
[0302/182800.962:INFO:installer.cc(1689)] Installing Components
[0302/182803.668:INFO:installer.cc(1847)] Creating scheduled task
[0302/182804.740:INFO:installer.cc(2179)] Finalizing successful installation
[0302/182804.740:INFO:installer.cc(2355)] Installation succeeded
[0302/182804.740:INFO:installer_runner_backend.cc(99)] Installer backend exiting
