[0602/131732:INFO:installer_main.cc(294)] Opera installer starting - version 38.0.2220.25 beta
[0602/131732:INFO:installer_main.cc(297)] Command line: "C:\Windows\TEMP\opera autoupdate\CProgram Files (x86)Opera beta\installing\installer.exe" --backend --silent --initial-pid=1864 --install --autoupdate --import-browser-data=1 --enable-stats=1 --enable-installer-stats=1 --launchopera=0 --installfolder="C:\Program Files (x86)\Opera beta" --profile-folder --language=es --setdefaultbrowser=0 --startmenushortcut=1 --desktopshortcut=1 --quicklaunchshortcut=0 --pintotaskbar=0 --server-tracking-data=server_tracking_data --crash-reporter-pid=508
[0602/131732:INFO:installer_main.cc(339)] Install folder from command line: C:\Program Files (x86)\Opera beta
[0602/131732:INFO:installer_main.cc(359)] Uninstall:0
[0602/131732:INFO:installer_main.cc(360)] Replace Presto installation:0
[0602/131732:INFO:installer_main.cc(361)] Silent:1
[0602/131732:INFO:installer_main.cc(362)] Run Immediately0
[0602/131732:INFO:installer_main.cc(363)] Backend1
[0602/131732:INFO:installer_main.cc(364)] Inside package1
[0602/131732:INFO:installer_main.cc(365)] Autoupdate:1
[0602/131732:INFO:rc_l10n_handler.cc(131)] Language not in the available languages list: 
[0602/131732:INFO:rc_l10n_handler.cc(137)] Trying language from system preferred list: es-ES
[0602/131732:INFO:rc_l10n_handler.cc(180)] Retrying after adjustments: es
[0602/131732:INFO:settings.cc(452)] Retrieving default installation folder path - Using command line: 1 - Using the registry: 1
[0602/131732:ERROR:utils.cc(408)] Couldn't find path to taskbar pins.
[0602/131732:ERROR:utils.cc(408)] Couldn't find path to taskbar pins.
[0602/131732:INFO:settings.cc(787)] Install folder set: C:\Program Files (x86)\Opera beta
[0602/131732:INFO:settings.cc(810)] Operation: 2
[0602/131732:INFO:installer.cc(189)] Beginning installation
[0602/131732:INFO:installer.cc(410)] Write privileges for install folder: 1
[0602/131732:INFO:installer.cc(520)] Read root files list
[0602/131732:INFO:installer.cc(1310)] Removing installed files.
[0602/131733:INFO:installer.cc(1300)] Removing old files from installation root
[0602/131733:INFO:installer.cc(707)] Installing the launcher
[0602/131733:WARNING:installer.cc(747)] Tracking data path specified on command line invalid
[0602/131733:INFO:installer.cc(868)] Cleaning up registry
[0602/131733:INFO:installer.cc(776)] Setting up the registry
[0602/131733:INFO:installer.cc(958)] Updating shortcuts
[0602/131733:INFO:installer.cc(1166)] Writing installer prefs toC:\Program Files (x86)\Opera beta\installer_prefs.json
[0602/131733:INFO:installer.cc(1252)] Preserving previous installer status.
[0602/131733:INFO:installer.cc(1402)] Creating scheduled task
[0602/131739:INFO:installer.cc(1823)] Finalizing successful installation
[0602/131739:INFO:installer.cc(2003)] Installation succeeded
[0602/131739:INFO:installer_runner_backend.cc(92)] Installer backend exiting
