[0909/105020:INFO:installer_main.cc(294)] Opera installer starting - version 40.0.2308.44 beta
[0909/105020:INFO:installer_main.cc(297)] Command line: "C:\Windows\TEMP\opera autoupdate\CProgram Files (x86)Opera beta\installing\installer.exe" --backend --silent --install --autoupdate --import-browser-data=1 --enable-stats=1 --enable-installer-stats=1 --launchopera=0 --installfolder="C:\Program Files (x86)\Opera beta" --profile-folder --language=es --setdefaultbrowser=0 --startmenushortcut=1 --desktopshortcut=1 --quicklaunchshortcut=0 --pintotaskbar=0 --server-tracking-data=server_tracking_data --initial-pid=6648 --crash-reporter-pid=3480 --wait-for-package="C:\Windows\TEMP\opera autoupdate\CProgram Files (x86)Opera beta\installing" --initial-proc-handle=E4030000
[0909/105020:INFO:installer_main.cc(339)] Install folder from command line: C:\Program Files (x86)\Opera beta
[0909/105020:INFO:installer_main.cc(359)] Uninstall:0
[0909/105020:INFO:installer_main.cc(360)] Replace Presto installation:0
[0909/105020:INFO:installer_main.cc(361)] Silent:1
[0909/105020:INFO:installer_main.cc(362)] Run Immediately0
[0909/105020:INFO:installer_main.cc(363)] Backend1
[0909/105020:INFO:installer_main.cc(364)] Inside package1
[0909/105020:INFO:installer_main.cc(365)] Autoupdate:1
[0909/105020:INFO:rc_l10n_handler.cc(131)] Language not in the available languages list: 
[0909/105020:INFO:rc_l10n_handler.cc(137)] Trying language from system preferred list: es-ES
[0909/105020:INFO:rc_l10n_handler.cc(180)] Retrying after adjustments: es
[0909/105020:INFO:settings.cc(483)] Retrieving default installation folder path - Using command line: 1 - Using the registry: 1
[0909/105020:ERROR:utils.cc(425)] Couldn't find path to taskbar pins.
[0909/105020:ERROR:utils.cc(425)] Couldn't find path to taskbar pins.
[0909/105020:INFO:settings.cc(823)] Install folder set: C:\Program Files (x86)\Opera beta
[0909/105020:INFO:settings.cc(846)] Operation: 2
[0909/105020:INFO:installer.cc(189)] Beginning installation
[0909/105020:INFO:installer.cc(410)] Write privileges for install folder: 1
[0909/105020:INFO:installer.cc(203)] Need to wait for actual package
[0909/105021:INFO:installer.cc(232)] Package is ready
[0909/105021:INFO:installer.cc(251)] Running installer from the package with command line: "C:\Windows\TEMP\opera autoupdate\CProgram Files (x86)Opera beta\installing\installer.exe" --backend --silent --initial-pid=6648 --install --autoupdate --import-browser-data=1 --enable-stats=1 --enable-installer-stats=1 --launchopera=0 --installfolder="C:\Program Files (x86)\Opera beta" --profile-folder --language=es --setdefaultbrowser=0 --startmenushortcut=1 --desktopshortcut=1 --quicklaunchshortcut=0 --pintotaskbar=0 --server-tracking-data=server_tracking_data --crash-reporter-pid=3480
[0909/105023:INFO:installer.cc(2000)] Installation succeeded
[0909/105023:INFO:installer_runner_backend.cc(92)] Installer backend exiting
[0909/105023:ERROR:ipc_sender.cc(106)] Cannot write to mailslot: Se ha alcanzado el final del archivo. (0x26)
