[0909/105021:INFO:installer_main.cc(294)] Opera installer starting - version 40.0.2308.44 beta
[0909/105021:INFO:installer_main.cc(297)] Command line: "C:\Windows\TEMP\opera autoupdate\CProgram Files (x86)Opera beta\installing\installer.exe" --backend --silent --initial-pid=6648 --install --autoupdate --import-browser-data=1 --enable-stats=1 --enable-installer-stats=1 --launchopera=0 --installfolder="C:\Program Files (x86)\Opera beta" --profile-folder --language=es --setdefaultbrowser=0 --startmenushortcut=1 --desktopshortcut=1 --quicklaunchshortcut=0 --pintotaskbar=0 --server-tracking-data=server_tracking_data --crash-reporter-pid=3480
[0909/105021:INFO:installer_main.cc(339)] Install folder from command line: C:\Program Files (x86)\Opera beta
[0909/105021:INFO:installer_main.cc(359)] Uninstall:0
[0909/105021:INFO:installer_main.cc(360)] Replace Presto installation:0
[0909/105021:INFO:installer_main.cc(361)] Silent:1
[0909/105021:INFO:installer_main.cc(362)] Run Immediately0
[0909/105021:INFO:installer_main.cc(363)] Backend1
[0909/105021:INFO:installer_main.cc(364)] Inside package1
[0909/105021:INFO:installer_main.cc(365)] Autoupdate:1
[0909/105021:INFO:rc_l10n_handler.cc(131)] Language not in the available languages list: 
[0909/105021:INFO:rc_l10n_handler.cc(137)] Trying language from system preferred list: es-ES
[0909/105021:INFO:rc_l10n_handler.cc(180)] Retrying after adjustments: es
[0909/105021:INFO:settings.cc(483)] Retrieving default installation folder path - Using command line: 1 - Using the registry: 1
[0909/105021:ERROR:utils.cc(425)] Couldn't find path to taskbar pins.
[0909/105021:ERROR:utils.cc(425)] Couldn't find path to taskbar pins.
[0909/105021:INFO:settings.cc(823)] Install folder set: C:\Program Files (x86)\Opera beta
[0909/105021:INFO:settings.cc(846)] Operation: 2
[0909/105021:INFO:installer.cc(189)] Beginning installation
[0909/105021:INFO:installer.cc(410)] Write privileges for install folder: 1
[0909/105021:INFO:installer.cc(520)] Read root files list
[0909/105021:INFO:installer.cc(1311)] Removing installed files.
[0909/105022:INFO:installer.cc(1301)] Removing old files from installation root
[0909/105022:INFO:installer.cc(708)] Installing the launcher
[0909/105022:WARNING:installer.cc(748)] Tracking data path specified on command line invalid
[0909/105022:INFO:installer.cc(869)] Cleaning up registry
[0909/105022:INFO:installer.cc(777)] Setting up the registry
[0909/105022:INFO:installer.cc(959)] Updating shortcuts
[0909/105022:INFO:installer.cc(1167)] Writing installer prefs toC:\Program Files (x86)\Opera beta\installer_prefs.json
[0909/105022:INFO:installer.cc(1253)] Preserving previous installer status.
[0909/105022:INFO:installer.cc(1403)] Creating scheduled task
[0909/105023:INFO:installer.cc(1824)] Finalizing successful installation
[0909/105023:INFO:installer.cc(2000)] Installation succeeded
[0909/105023:INFO:installer_runner_backend.cc(92)] Installer backend exiting
