[0310/131200:VERBOSE1:installer_main.cc(221)] Ensuring that TLS 1.0 is enabled
[0310/131200:INFO:installer_main.cc(344)] Opera installer starting - version 36.0.2130.29 beta
[0310/131200:INFO:installer_main.cc(347)] Command line: "C:\Windows\TEMP\opera autoupdate\CProgram Files (x86)Opera beta\installing\installer.exe" --install --silent --autoupdate --installfolder --installfolder="C:\Program Files (x86)\Opera beta" --launchopera=0
[0310/131200:VERBOSE1:installer_main.cc(389)] Install folder from command line: C:\Program Files (x86)\Opera beta
[0310/131200:INFO:installer_main.cc(409)] Uninstall:0
[0310/131200:INFO:installer_main.cc(410)] Replace Presto installation:0
[0310/131200:INFO:installer_main.cc(411)] Silent:1
[0310/131200:INFO:installer_main.cc(412)] Run Immediately0
[0310/131200:INFO:installer_main.cc(413)] Backend0
[0310/131200:INFO:installer_main.cc(414)] Inside package1
[0310/131200:INFO:installer_main.cc(415)] Autoupdate:1
[0310/131200:VERBOSE1:settings.cc(361)] Install folder reg value: Last beta Install Path
[0310/131200:VERBOSE1:settings.cc(384)] Install folder from reg value: 
[0310/131200:VERBOSE1:rc_l10n_handler.cc(22)] Looking up LCID for es
[0310/131200:VERBOSE1:settings.cc(152)] Settings from command line
[0310/131200:VERBOSE1:settings.cc(847)] all_users_:1
[0310/131200:VERBOSE1:settings.cc(848)] copy_only_:0
[0310/131200:VERBOSE1:settings.cc(849)] launch_opera_:0
[0310/131200:VERBOSE1:settings.cc(850)] default_browser_:0
[0310/131200:VERBOSE1:settings.cc(851)] single_profile_:0
[0310/131200:VERBOSE1:settings.cc(852)] desktop_shortcut_:1
[0310/131200:VERBOSE1:settings.cc(853)] start_menu_shortcut_:1
[0310/131200:VERBOSE1:settings.cc(854)] quick_launch_shortcut_:0
[0310/131200:VERBOSE1:settings.cc(855)] pinned_shortcut_:1
[0310/131200:VERBOSE1:settings.cc(856)] language:es
[0310/131200:INFO:settings.cc(437)] Retrieving default installation folder pathUsing command line: 1Using the registry: 1
[0310/131200:VERBOSE1:settings.cc(731)] Setting install folder to: C:\Program Files (x86)\Opera beta
[0310/131200:VERBOSE1:status.cc(54)] Initializing status: C:\Program Files (x86)\Opera beta
[0310/131200:VERBOSE1:status.cc(96)] Path is a folder
[0310/131200:VERBOSE1:status.cc(117)] Path is a existing installation
[0310/131200:VERBOSE1:status.cc(224)] Testing shortcuts
[0310/131200:VERBOSE1:utils.cc(594)] Testing shortcutC:\Users\Public\Desktop\Opera beta.lnk
[0310/131201:INFO:installer_main.cc(468)] Installer download folder: C:\Windows\TEMP\Opera Installer
[0310/131201:VERBOSE1:utils.cc(594)] Testing shortcutC:\ProgramData\Microsoft\Windows\Start Menu\Programs\Opera beta.lnk
[0310/131201:VERBOSE1:utils.cc(594)] Testing shortcut
[0310/131201:ERROR:utils.cc(407)] Couldn't find path to taskbar pins.
[0310/131201:VERBOSE1:utils.cc(594)] Testing shortcut
[0310/131201:ERROR:utils.cc(407)] Couldn't find path to taskbar pins.
[0310/131201:VERBOSE1:settings.cc(759)] Install folder set: C:\Program Files (x86)\Opera beta
[0310/131201:VERBOSE1:settings.cc(152)] Settings from command line
[0310/131201:VERBOSE1:settings.cc(847)] all_users_:1
[0310/131201:VERBOSE1:settings.cc(848)] copy_only_:0
[0310/131201:VERBOSE1:settings.cc(849)] launch_opera_:0
[0310/131201:VERBOSE1:settings.cc(850)] default_browser_:0
[0310/131201:VERBOSE1:settings.cc(851)] single_profile_:0
[0310/131201:VERBOSE1:settings.cc(852)] desktop_shortcut_:1
[0310/131201:VERBOSE1:settings.cc(853)] start_menu_shortcut_:1
[0310/131201:VERBOSE1:settings.cc(854)] quick_launch_shortcut_:0
[0310/131201:VERBOSE1:settings.cc(855)] pinned_shortcut_:1
[0310/131201:VERBOSE1:settings.cc(856)] language:es
[0310/131201:VERBOSE1:settings.cc(782)] Operation: 2
[0310/131201:VERBOSE1:settings.cc(786)] Using settings from existing installation
[0310/131201:VERBOSE1:settings.cc(847)] all_users_:1
[0310/131201:VERBOSE1:settings.cc(848)] copy_only_:0
[0310/131201:VERBOSE1:settings.cc(849)] launch_opera_:0
[0310/131201:VERBOSE1:settings.cc(850)] default_browser_:0
[0310/131201:VERBOSE1:settings.cc(851)] single_profile_:0
[0310/131201:VERBOSE1:settings.cc(852)] desktop_shortcut_:1
[0310/131201:VERBOSE1:settings.cc(853)] start_menu_shortcut_:1
[0310/131201:VERBOSE1:settings.cc(854)] quick_launch_shortcut_:0
[0310/131201:VERBOSE1:settings.cc(855)] pinned_shortcut_:0
[0310/131201:VERBOSE1:settings.cc(856)] language:es
[0310/131201:VERBOSE1:settings.cc(847)] all_users_:1
[0310/131201:VERBOSE1:settings.cc(848)] copy_only_:0
[0310/131201:VERBOSE1:settings.cc(849)] launch_opera_:0
[0310/131201:VERBOSE1:settings.cc(850)] default_browser_:0
[0310/131201:VERBOSE1:settings.cc(851)] single_profile_:0
[0310/131201:VERBOSE1:settings.cc(852)] desktop_shortcut_:1
[0310/131201:VERBOSE1:settings.cc(853)] start_menu_shortcut_:1
[0310/131201:VERBOSE1:settings.cc(854)] quick_launch_shortcut_:0
[0310/131201:VERBOSE1:settings.cc(855)] pinned_shortcut_:0
[0310/131201:VERBOSE1:settings.cc(856)] language:es
[0310/131201:INFO:settings.cc(437)] Retrieving default installation folder pathUsing command line: 0Using the registry: 0
[0310/131201:VERBOSE1:settings.cc(474)] Default install folder: C:\Program Files (x86)\Opera beta
[0310/131201:INFO:installer_runner.cc(57)] Beginning installation
