[1110/110625:INFO:installer_main.cc(295)] Opera installer starting - version 42.0.2393.27 beta
[1110/110625:INFO:installer_main.cc(298)] Command line: "C:\Windows\TEMP\opera autoupdate\CProgram Files (x86)Opera beta\installing\installer.exe" --backend --silent --install --autoupdate --import-browser-data=1 --enable-stats=1 --enable-installer-stats=1 --launchopera=0 --installfolder="C:\Program Files (x86)\Opera beta" --profile-folder --language=es --setdefaultbrowser=0 --startmenushortcut=1 --desktopshortcut=0 --quicklaunchshortcut=0 --pintotaskbar=0 --server-tracking-data=server_tracking_data --initial-pid=8704 --crash-reporter-pid=8236 --wait-for-package="C:\Windows\TEMP\opera autoupdate\CProgram Files (x86)Opera beta\installing" --initial-proc-handle=7C030000
[1110/110625:INFO:installer_main.cc(340)] Install folder from command line: C:\Program Files (x86)\Opera beta
[1110/110625:INFO:installer_main.cc(360)] Uninstall:0
[1110/110625:INFO:installer_main.cc(361)] Replace Presto installation:0
[1110/110625:INFO:installer_main.cc(362)] Silent:1
[1110/110625:INFO:installer_main.cc(363)] Run Immediately0
[1110/110625:INFO:installer_main.cc(364)] Backend1
[1110/110625:INFO:installer_main.cc(365)] Inside package1
[1110/110625:INFO:installer_main.cc(366)] Autoupdate:1
[1110/110625:INFO:settings.cc(536)] Found 5 paths for standalone install mode.
[1110/110625:INFO:rc_l10n_handler.cc(131)] Language not in the available languages list: 
[1110/110625:INFO:rc_l10n_handler.cc(137)] Trying language from system preferred list: es-ES
[1110/110625:INFO:rc_l10n_handler.cc(180)] Retrying after adjustments: es
[1110/110625:ERROR:utils.cc(427)] Couldn't find path to taskbar pins.
[1110/110625:ERROR:utils.cc(427)] Couldn't find path to taskbar pins.
[1110/110625:INFO:settings.cc(944)] Install folder set: C:\Program Files (x86)\Opera beta
[1110/110625:INFO:settings.cc(967)] Operation: 2
[1110/110625:INFO:installer.cc(190)] Beginning installation
[1110/110625:INFO:installer.cc(411)] Write privileges for install folder: 1
[1110/110625:INFO:installer.cc(204)] Need to wait for actual package
[1110/110626:INFO:installer.cc(233)] Package is ready
[1110/110626:INFO:installer.cc(252)] Running installer from the package with command line: "C:\Windows\TEMP\opera autoupdate\CProgram Files (x86)Opera beta\installing\installer.exe" --backend --silent --initial-pid=8704 --install --autoupdate --import-browser-data=1 --enable-stats=1 --enable-installer-stats=1 --launchopera=0 --installfolder="C:\Program Files (x86)\Opera beta" --profile-folder --language=es --setdefaultbrowser=0 --startmenushortcut=1 --desktopshortcut=0 --quicklaunchshortcut=0 --pintotaskbar=0 --server-tracking-data=server_tracking_data --crash-reporter-pid=8236
[1110/110628:INFO:installer.cc(2088)] Installation succeeded
[1110/110628:INFO:installer_runner_backend.cc(92)] Installer backend exiting
[1110/110628:ERROR:ipc_sender.cc(106)] Cannot write to mailslot: Se ha alcanzado el final del archivo. (0x26)
