[1221/181824:INFO:installer_main.cc(296)] Opera installer starting - version 43.0.2442.7 beta
[1221/181824:INFO:installer_main.cc(299)] Command line: "C:\Windows\TEMP\opera autoupdate\CProgram Files (x86)Opera beta\installing\installer.exe" --backend --silent --install --autoupdate --import-browser-data=1 --enable-stats=1 --enable-installer-stats=1 --launchopera=0 --installfolder="C:\Program Files (x86)\Opera beta" --profile-folder --language=es --replace32bitwith64bit=0 --setdefaultbrowser=0 --startmenushortcut=1 --desktopshortcut=0 --quicklaunchshortcut=0 --pintotaskbar=0 --server-tracking-data=server_tracking_data --initial-pid=10940 --crash-reporter-pid=1080 --wait-for-package="C:\Windows\TEMP\opera autoupdate\CProgram Files (x86)Opera beta\installing" --initial-proc-handle=E0030000
[1221/181824:INFO:installer_main.cc(341)] Install folder from command line: C:\Program Files (x86)\Opera beta
[1221/181824:INFO:installer_main.cc(361)] Uninstall:0
[1221/181824:INFO:installer_main.cc(362)] Replace Presto installation:0
[1221/181824:INFO:installer_main.cc(363)] Silent:1
[1221/181824:INFO:installer_main.cc(364)] Run Immediately0
[1221/181824:INFO:installer_main.cc(365)] Backend1
[1221/181824:INFO:installer_main.cc(366)] Inside package1
[1221/181824:INFO:installer_main.cc(367)] Autoupdate:1
[1221/181824:INFO:settings.cc(545)] Found 5 paths for standalone install mode.
[1221/181824:INFO:rc_l10n_handler.cc(131)] Language not in the available languages list: 
[1221/181824:INFO:rc_l10n_handler.cc(137)] Trying language from system preferred list: es-ES
[1221/181824:INFO:rc_l10n_handler.cc(180)] Retrying after adjustments: es
[1221/181824:ERROR:utils.cc(427)] Couldn't find path to taskbar pins.
[1221/181824:ERROR:utils.cc(427)] Couldn't find path to taskbar pins.
[1221/181824:INFO:settings.cc(954)] Install folder set: C:\Program Files (x86)\Opera beta
[1221/181824:INFO:settings.cc(985)] Operation: 2
[1221/181824:INFO:installer.cc(212)] Beginning installation
[1221/181824:INFO:installer.cc(444)] Write privileges for install folder: 1
[1221/181824:INFO:installer.cc(226)] Need to wait for actual package
[1221/181825:INFO:installer.cc(255)] Package is ready
[1221/181825:INFO:installer.cc(274)] Running installer from the package with command line: "C:\Windows\TEMP\opera autoupdate\CProgram Files (x86)Opera beta\installing\installer.exe" --backend --silent --initial-pid=10940 --install --autoupdate --import-browser-data=1 --enable-stats=1 --enable-installer-stats=1 --launchopera=0 --installfolder="C:\Program Files (x86)\Opera beta" --profile-folder --language=es --replace32bitwith64bit=0 --setdefaultbrowser=0 --startmenushortcut=1 --desktopshortcut=0 --quicklaunchshortcut=0 --pintotaskbar=0 --server-tracking-data=server_tracking_data --crash-reporter-pid=1080
[1221/181832:INFO:installer.cc(2333)] Installation succeeded
[1221/181832:INFO:installer_runner_backend.cc(99)] Installer backend exiting
[1221/181832:ERROR:ipc_sender.cc(106)] Cannot write to mailslot: Se ha alcanzado el final del archivo. (0x26)
