[1203/110731:INFO:installer_main.cc(295)] Opera installer starting - version 42.0.2393.65 beta
[1203/110731:INFO:installer_main.cc(298)] Command line: "C:\Windows\TEMP\opera autoupdate\CProgram Files (x86)Opera beta\installing\installer.exe" --backend --silent --install --autoupdate --import-browser-data=1 --enable-stats=1 --enable-installer-stats=1 --launchopera=0 --installfolder="C:\Program Files (x86)\Opera beta" --profile-folder --language=es --setdefaultbrowser=0 --startmenushortcut=1 --desktopshortcut=0 --quicklaunchshortcut=0 --pintotaskbar=0 --server-tracking-data=server_tracking_data --initial-pid=3180 --crash-reporter-pid=9524 --wait-for-package="C:\Windows\TEMP\opera autoupdate\CProgram Files (x86)Opera beta\installing" --initial-proc-handle=E0030000
[1203/110731:INFO:installer_main.cc(340)] Install folder from command line: C:\Program Files (x86)\Opera beta
[1203/110731:INFO:installer_main.cc(360)] Uninstall:0
[1203/110731:INFO:installer_main.cc(361)] Replace Presto installation:0
[1203/110731:INFO:installer_main.cc(362)] Silent:1
[1203/110731:INFO:installer_main.cc(363)] Run Immediately0
[1203/110731:INFO:installer_main.cc(364)] Backend1
[1203/110731:INFO:installer_main.cc(365)] Inside package1
[1203/110731:INFO:installer_main.cc(366)] Autoupdate:1
[1203/110731:INFO:settings.cc(548)] Found 5 paths for standalone install mode.
[1203/110731:INFO:rc_l10n_handler.cc(131)] Language not in the available languages list: 
[1203/110731:INFO:rc_l10n_handler.cc(137)] Trying language from system preferred list: es-ES
[1203/110731:INFO:rc_l10n_handler.cc(180)] Retrying after adjustments: es
[1203/110731:ERROR:utils.cc(427)] Couldn't find path to taskbar pins.
[1203/110731:ERROR:utils.cc(427)] Couldn't find path to taskbar pins.
[1203/110731:INFO:settings.cc(963)] Install folder set: C:\Program Files (x86)\Opera beta
[1203/110731:INFO:settings.cc(986)] Operation: 2
[1203/110731:INFO:installer.cc(191)] Beginning installation
[1203/110731:INFO:installer.cc(412)] Write privileges for install folder: 1
[1203/110731:INFO:installer.cc(205)] Need to wait for actual package
[1203/110733:INFO:installer.cc(234)] Package is ready
[1203/110733:INFO:installer.cc(253)] Running installer from the package with command line: "C:\Windows\TEMP\opera autoupdate\CProgram Files (x86)Opera beta\installing\installer.exe" --backend --silent --initial-pid=3180 --install --autoupdate --import-browser-data=1 --enable-stats=1 --enable-installer-stats=1 --launchopera=0 --installfolder="C:\Program Files (x86)\Opera beta" --profile-folder --language=es --setdefaultbrowser=0 --startmenushortcut=1 --desktopshortcut=0 --quicklaunchshortcut=0 --pintotaskbar=0 --server-tracking-data=server_tracking_data --crash-reporter-pid=9524
[1203/110735:INFO:installer.cc(2208)] Installation succeeded
[1203/110735:INFO:installer_runner_backend.cc(92)] Installer backend exiting
[1203/110735:ERROR:ipc_sender.cc(106)] Cannot write to mailslot: Se ha alcanzado el final del archivo. (0x26)
